May  1 23:17:01 aueiei-VirtualBox CRON[2555]: pam_unix(cron:session): session opened for user root by (uid=0)
May  1 23:17:01 aueiei-VirtualBox CRON[2555]: pam_unix(cron:session): session closed for user root
May  1 23:18:21 aueiei-VirtualBox gnome-screensaver-dialog: gkr-pam: unlocked login keyring
May  1 23:38:54 aueiei-VirtualBox sudo:   aueiei : TTY=pts/0 ; PWD=/home/aueiei/git ; USER=root ; COMMAND=/usr/bin/apt-get install git
May  1 23:38:54 aueiei-VirtualBox sudo: pam_unix(sudo:session): session opened for user root by aueiei(uid=1000)
May  1 23:40:01 aueiei-VirtualBox sudo: pam_unix(sudo:session): session closed for user root
May  1 23:47:22 aueiei-VirtualBox sudo:   aueiei : TTY=pts/0 ; PWD=/home/aueiei/git ; USER=root ; COMMAND=/usr/bin/git init
May  1 23:47:22 aueiei-VirtualBox sudo: pam_unix(sudo:session): session opened for user root by aueiei(uid=1000)
May  1 23:47:22 aueiei-VirtualBox sudo: pam_unix(sudo:session): session closed for user root
May  2 00:10:52 aueiei-VirtualBox sudo:   aueiei : TTY=pts/1 ; PWD=/home/aueiei/Desktop ; USER=root ; COMMAND=/bin/mkdir TestFolder
May  2 00:10:52 aueiei-VirtualBox sudo: pam_unix(sudo:session): session opened for user root by aueiei(uid=1000)
May  2 00:10:52 aueiei-VirtualBox sudo: pam_unix(sudo:session): session closed for user root
May  2 00:14:47 aueiei-VirtualBox sudo:   aueiei : TTY=pts/1 ; PWD=/home/aueiei/Desktop ; USER=root ; COMMAND=/bin/mv TestFolder/ TestFolder_Rename/
May  2 00:14:47 aueiei-VirtualBox sudo: pam_unix(sudo:session): session opened for user root by aueiei(uid=1000)
May  2 00:14:47 aueiei-VirtualBox sudo: pam_unix(sudo:session): session closed for user root
May  2 00:16:48 aueiei-VirtualBox sudo:   aueiei : TTY=pts/1 ; PWD=/home/aueiei/Desktop ; USER=root ; COMMAND=/bin/rm TestFolder_Rename/
May  2 00:16:48 aueiei-VirtualBox sudo: pam_unix(sudo:session): session opened for user root by aueiei(uid=1000)
May  2 00:16:48 aueiei-VirtualBox sudo: pam_unix(sudo:session): session closed for user root
May  2 00:16:58 aueiei-VirtualBox sudo:   aueiei : TTY=pts/1 ; PWD=/home/aueiei/Desktop ; USER=root ; COMMAND=/bin/rm -f TestFolder_Rename/
May  2 00:16:58 aueiei-VirtualBox sudo: pam_unix(sudo:session): session opened for user root by aueiei(uid=1000)
May  2 00:16:58 aueiei-VirtualBox sudo: pam_unix(sudo:session): session closed for user root
May  2 00:17:01 aueiei-VirtualBox CRON[6108]: pam_unix(cron:session): session opened for user root by (uid=0)
May  2 00:17:01 aueiei-VirtualBox CRON[6108]: pam_unix(cron:session): session closed for user root
May  2 00:17:05 aueiei-VirtualBox sudo:   aueiei : TTY=pts/1 ; PWD=/home/aueiei/Desktop ; USER=root ; COMMAND=/bin/rm -r TestFolder_Rename/
May  2 00:17:05 aueiei-VirtualBox sudo: pam_unix(sudo:session): session opened for user root by aueiei(uid=1000)
May  2 00:17:05 aueiei-VirtualBox sudo: pam_unix(sudo:session): session closed for user root
May  2 00:20:25 aueiei-VirtualBox sudo:   aueiei : TTY=pts/1 ; PWD=/home/aueiei/Desktop ; USER=root ; COMMAND=/usr/bin/gedit TestFile
May  2 00:20:25 aueiei-VirtualBox sudo: pam_unix(sudo:session): session opened for user root by aueiei(uid=1000)
May  2 00:23:55 aueiei-VirtualBox sudo: pam_unix(sudo:session): session closed for user root
May  2 00:24:09 aueiei-VirtualBox sudo:   aueiei : TTY=pts/1 ; PWD=/home/aueiei/Desktop ; USER=root ; COMMAND=/bin/cat TestFile
May  2 00:24:09 aueiei-VirtualBox sudo: pam_unix(sudo:session): session opened for user root by aueiei(uid=1000)
May  2 00:24:09 aueiei-VirtualBox sudo: pam_unix(sudo:session): session closed for user root
May  2 00:26:15 aueiei-VirtualBox sudo:   aueiei : TTY=pts/1 ; PWD=/home/aueiei/Desktop ; USER=root ; COMMAND=/bin/rm TestFile
May  2 00:26:15 aueiei-VirtualBox sudo: pam_unix(sudo:session): session opened for user root by aueiei(uid=1000)
May  2 00:26:15 aueiei-VirtualBox sudo: pam_unix(sudo:session): session closed for user root
