fsck from util-linux 2.20.1
/dev/sda1: clean, 216143/458752 files, 1089265/1834752 blocks
 * Starting Mount network filesystems[74G[ OK ]
 * Stopping Mount network filesystems[74G[ OK ]
 * Starting Bridge socket events into upstart[74G[ OK ]
 * Starting mDNS/DNS-SD daemon[74G[ OK ]
 * Starting configure network device[74G[ OK ]
 * Stopping Failsafe Boot Delay[74G[ OK ]
 * Starting System V initialisation compatibility[74G[ OK ]
 * Starting modem connection manager[74G[ OK ]
 * Starting configure network device security[74G[ OK ]
 * Starting bluetooth daemon[74G[ OK ]
 * Starting CUPS printing spooler/server[74G[ OK ]
 * Starting network connection manager[74G[ OK ]
 * Stopping cold plug devices[74G[ OK ]
 * Stopping log initial device creation[74G[ OK ]
 * Starting configure network device security[74G[ OK ]
 * Starting configure virtual network devices[74G[ OK ]
 * Stopping configure virtual network devices[74G[ OK ]
 * Stopping Userspace bootsplash[74G[ OK ]
Skipping profile in /etc/apparmor.d/disable: usr.bin.firefox
Skipping profile in /etc/apparmor.d/disable: usr.sbin.rsyslogd
 * Starting AppArmor profiles       [80G [74G[ OK ]
speech-dispatcher disabled; edit /etc/default/speech-dispatcher
 * Stopping System V initialisation compatibility[74G[ OK ]
 * Starting System V runlevel compatibility[74G[ OK ]
 * Starting automatic crash report generation[74G[ OK ]
 * Starting save kernel messages[74G[ OK ]
 * Starting anac(h)ronistic cron[74G[ OK ]
 * Starting regular background program processing daemon[74G[ OK ]
 * Starting deferred execution scheduler[74G[ OK ]
 * Starting ACPI daemon[74G[ OK ]
 * Starting LightDM Display Manager[74G[ OK ]
 * Starting CPU interrupts balancing daemon[74G[ OK ]
 * Stopping Send an event to indicate plymouth is up[74G[ OK ]
 * Stopping save kernel messages[74G[ OK ]
